0 info it worked if it ends with ok
1 verbose cli [ 'C:\\Program Files\\nodejs\\node.exe',
1 verbose cli   'C:\\Program Files\\nodejs\\node_modules\\npm\\bin\\npm-cli.js',
1 verbose cli   'run-script',
1 verbose cli   'start' ]
2 info using npm@3.3.12
3 info using node@v5.5.0
4 verbose run-script [ 'prestart', 'start', 'poststart' ]
5 info lifecycle MEAN-exercise@0.0.0~prestart: MEAN-exercise@0.0.0
6 silly lifecycle MEAN-exercise@0.0.0~prestart: no script for prestart, continuing
7 info lifecycle MEAN-exercise@0.0.0~start: MEAN-exercise@0.0.0
8 verbose lifecycle MEAN-exercise@0.0.0~start: unsafe-perm in lifecycle true
9 verbose lifecycle MEAN-exercise@0.0.0~start: PATH: C:\Program Files\nodejs\node_modules\npm\bin\node-gyp-bin;D:\MEAN-exercise\node_modules\.bin;C:\Program Files\Haskell\bin;C:\Program Files\Haskell Platform\7.10.3\lib\extralibs\bin;C:\Program Files\Haskell Platform\7.10.3\bin;C:\ProgramData\Oracle\Java\javapath;C:\Windows\system32;C:\Windows;C:\Windows\System32\Wbem;C:\Windows\System32\WindowsPowerShell\v1.0\;C:\Program Files (x86)\NVIDIA Corporation\PhysX\Common;C:\Program Files\nodejs\;C:\Program Files (x86)\minGW\bin;C:\Program Files (x86)\Python3.4;C:\Program Files (x86)\SpiderMonkey;C:\Program Files\Haskell Platform\7.10.3\mingw\bin;C:\ProgramData\Microsoft\Windows\Start Menu\Programs\腾讯软件\QQ;C:\;rogramData\Microsoft\Windows\Start Menu;C:\Program Files\Sublime Text 3;C:\Program Files (x86)\Tencent\WeChat;C:\Program Files (x86)\CS1.6;C:\Program Files (x86)\Windows Kits\8.1\Windows Performance Toolkit\;C:\Program Files\Microsoft SQL Server\130\Tools\Binn\;C:\Program Files\Git\cmd;C:\WINDOWS\system32;C:\WINDOWS;C:\WINDOWS\System32\Wbem;C:\WINDOWS\System32\WindowsPowerShell\v1.0\;C:\Program Files\TortoiseGit\bin;C:\Users\yzm\AppData\Roaming\cabal\bin;C:\Users\yzm\AppData\Roaming\npm;C:\Users\yzm\AppData\Local\Microsoft\WindowsApps;
10 verbose lifecycle MEAN-exercise@0.0.0~start: CWD: D:\MEAN-exercise
11 silly lifecycle MEAN-exercise@0.0.0~start: Args: [ '/d /s /c', 'node ./bin/www' ]
12 silly lifecycle MEAN-exercise@0.0.0~start: Returned: code: 1  signal: null
13 info lifecycle MEAN-exercise@0.0.0~start: Failed to exec start script
14 verbose stack Error: MEAN-exercise@0.0.0 start: `node ./bin/www`
14 verbose stack Exit status 1
14 verbose stack     at EventEmitter.<anonymous> (C:\Program Files\nodejs\node_modules\npm\lib\utils\lifecycle.js:232:16)
14 verbose stack     at emitTwo (events.js:100:13)
14 verbose stack     at EventEmitter.emit (events.js:185:7)
14 verbose stack     at ChildProcess.<anonymous> (C:\Program Files\nodejs\node_modules\npm\lib\utils\spawn.js:24:14)
14 verbose stack     at emitTwo (events.js:100:13)
14 verbose stack     at ChildProcess.emit (events.js:185:7)
14 verbose stack     at maybeClose (internal/child_process.js:821:16)
14 verbose stack     at Process.ChildProcess._handle.onexit (internal/child_process.js:211:5)
15 verbose pkgid MEAN-exercise@0.0.0
16 verbose cwd D:\MEAN-exercise
17 error Windows_NT 10.0.14393
18 error argv "C:\\Program Files\\nodejs\\node.exe" "C:\\Program Files\\nodejs\\node_modules\\npm\\bin\\npm-cli.js" "run-script" "start"
19 error node v5.5.0
20 error npm  v3.3.12
21 error code ELIFECYCLE
22 error MEAN-exercise@0.0.0 start: `node ./bin/www`
22 error Exit status 1
23 error Failed at the MEAN-exercise@0.0.0 start script 'node ./bin/www'.
23 error Make sure you have the latest version of node.js and npm installed.
23 error If you do, this is most likely a problem with the MEAN-exercise package,
23 error not with npm itself.
23 error Tell the author that this fails on your system:
23 error     node ./bin/www
23 error You can get their info via:
23 error     npm owner ls MEAN-exercise
23 error There is likely additional logging output above.
24 verbose exit [ 1, true ]
